c:\users\admin\documents\visual studio 2017\projects\consoleapplication4\consoleapplication4\debug\consoleapplication4.pch
c:\users\admin\documents\visual studio 2017\projects\consoleapplication4\consoleapplication4\debug\vc141.pdb
c:\users\admin\documents\visual studio 2017\projects\consoleapplication4\consoleapplication4\debug\vc141.idb
c:\users\admin\documents\visual studio 2017\projects\consoleapplication4\consoleapplication4\debug\stdafx.obj
c:\users\admin\documents\visual studio 2017\projects\consoleapplication4\consoleapplication4\debug\consoleapplication4.obj
c:\users\admin\documents\visual studio 2017\projects\consoleapplication4\consoleapplication4\debug\joystick.obj
c:\users\admin\documents\visual studio 2017\projects\consoleapplication4\debug\consoleapplication4.pdb
c:\users\admin\documents\visual studio 2017\projects\consoleapplication4\consoleapplication4\debug\consolea.c0ebc6a8.tlog\cl.command.1.tlog
c:\users\admin\documents\visual studio 2017\projects\consoleapplication4\consoleapplication4\debug\consolea.c0ebc6a8.tlog\cl.read.1.tlog
c:\users\admin\documents\visual studio 2017\projects\consoleapplication4\consoleapplication4\debug\consolea.c0ebc6a8.tlog\cl.write.1.tlog
c:\users\admin\documents\visual studio 2017\projects\consoleapplication4\consoleapplication4\debug\consolea.c0ebc6a8.tlog\link-cvtres.read.1.tlog
c:\users\admin\documents\visual studio 2017\projects\consoleapplication4\consoleapplication4\debug\consolea.c0ebc6a8.tlog\link-cvtres.write.1.tlog
c:\users\admin\documents\visual studio 2017\projects\consoleapplication4\consoleapplication4\debug\consolea.c0ebc6a8.tlog\link-rc.read.1.tlog
c:\users\admin\documents\visual studio 2017\projects\consoleapplication4\consoleapplication4\debug\consolea.c0ebc6a8.tlog\link-rc.write.1.tlog
c:\users\admin\documents\visual studio 2017\projects\consoleapplication4\consoleapplication4\debug\consolea.c0ebc6a8.tlog\link.3596-cvtres.read.1.tlog
c:\users\admin\documents\visual studio 2017\projects\consoleapplication4\consoleapplication4\debug\consolea.c0ebc6a8.tlog\link.3596-cvtres.write.1.tlog
c:\users\admin\documents\visual studio 2017\projects\consoleapplication4\consoleapplication4\debug\consolea.c0ebc6a8.tlog\link.3596-rc.read.1.tlog
c:\users\admin\documents\visual studio 2017\projects\consoleapplication4\consoleapplication4\debug\consolea.c0ebc6a8.tlog\link.3596-rc.write.1.tlog
c:\users\admin\documents\visual studio 2017\projects\consoleapplication4\consoleapplication4\debug\consolea.c0ebc6a8.tlog\link.3596.read.1.tlog
c:\users\admin\documents\visual studio 2017\projects\consoleapplication4\consoleapplication4\debug\consolea.c0ebc6a8.tlog\link.3596.write.1.tlog
c:\users\admin\documents\visual studio 2017\projects\consoleapplication4\consoleapplication4\debug\consolea.c0ebc6a8.tlog\link.command.1.tlog
c:\users\admin\documents\visual studio 2017\projects\consoleapplication4\consoleapplication4\debug\consolea.c0ebc6a8.tlog\link.read.1.tlog
c:\users\admin\documents\visual studio 2017\projects\consoleapplication4\consoleapplication4\debug\consolea.c0ebc6a8.tlog\link.write.1.tlog
